checklod/build/intermediates/manifest_merge_blame_file/debug/manifest-merger-blame-debug-report.txt
1<?xml version="1.0" encoding="utf-8"?>
2<manifest xmlns:android="http://schemas.android.com/apk/res/android"
3    package="com.netmania.checklod.general"
4    android:versionCode="1"
5    android:versionName="1.0" >
6
7    <uses-sdk
8        android:minSdkVersion="18"
8-->src/main/AndroidManifest.xml
9        android:targetSdkVersion="23" />
9-->src/main/AndroidManifest.xml
10
11    <uses-permission android:name="android.permission.ACCESS_NETWORK_STATE" />
11-->src/main/AndroidManifest.xml:5:5-79
11-->src/main/AndroidManifest.xml:5:22-76
12    <uses-permission android:name="android.permission.DISABLE_KEYGUARD" />
12-->src/main/AndroidManifest.xml:6:5-74
12-->src/main/AndroidManifest.xml:6:22-72
13
14    <application
14-->src/main/AndroidManifest.xml:8:5-14:43
15        android:allowBackup="true"
15-->src/main/AndroidManifest.xml:9:9-35
16        android:icon="@mipmap/ic_launcher"
16-->src/main/AndroidManifest.xml:10:9-43
17        android:label="@string/app_name"
17-->src/main/AndroidManifest.xml:11:9-41
18        android:roundIcon="@mipmap/ic_launcher_round"
18-->src/main/AndroidManifest.xml:12:9-54
19        android:supportsRtl="true"
19-->src/main/AndroidManifest.xml:13:9-35
20        android:theme="@style/AppTheme" />
20-->src/main/AndroidManifest.xml:14:9-40
21
22</manifest>